<?xml version="1.0" encoding="UTF-8"?>
<testng-results skipped="0" failed="0" total="2" passed="2">
  <reporter-output>
  </reporter-output>
  <suite name="Suite" duration-ms="60053" started-at="2015-09-24T17:14:54Z" finished-at="2015-09-24T17:15:54Z">
    <groups>
    </groups>
    <test name="Test" duration-ms="42990" started-at="2015-09-24T17:14:54Z" finished-at="2015-09-24T17:15:37Z">
      <class name="com.president.Presidentgivenyear">
        <test-method status="PASS" signature="president(java.lang.String)[pri:0, instance:com.president.Presidentgivenyear@6ad5c04e]" name="president" duration-ms="42942" started-at="2015-09-24T12:14:54Z" finished-at="2015-09-24T12:15:37Z">
          <params>
            <param index="0">
              <value>
                <![CDATA[firefox]]>
              </value>
            </param>
          </params>
          <reporter-output>
          </reporter-output>
        </test-method> <!-- president -->
      </class> <!-- com.president.Presidentgivenyear -->
    </test> <!-- Test -->
    <test name="Test1" duration-ms="60053" started-at="2015-09-24T17:14:54Z" finished-at="2015-09-24T17:15:54Z">
      <class name="com.president.Presidentgivenyear">
        <test-method status="PASS" signature="president(java.lang.String)[pri:0, instance:com.president.Presidentgivenyear@1b0375b3]" name="president" duration-ms="60009" started-at="2015-09-24T12:14:54Z" finished-at="2015-09-24T12:15:54Z">
          <params>
            <param index="0">
              <value>
                <![CDATA[chrome]]>
              </value>
            </param>
          </params>
          <reporter-output>
          </reporter-output>
        </test-method> <!-- president -->
      </class> <!-- com.president.Presidentgivenyear -->
    </test> <!-- Test1 -->
  </suite> <!-- Suite -->
</testng-results>
